[2025-12-19 17:12:17][INFO][mcfp.train_stage1] [train_stage1] config=D:\code\mcfp\configs\train_stage1.yaml
[2025-12-19 17:12:17][INFO][mcfp.train_stage1] [train_stage1] run_dir=D:\code\mcfp\runs\stage1\exp001
[2025-12-19 17:12:17][INFO][mcfp.train_stage1] [train_stage1] device=cpu, seed=42
[2025-12-19 17:12:17][INFO][mcfp.train_stage1] [train_stage1] #train_morph=164 #val_morph=20
[2025-12-19 17:12:17][INFO][mcfp.train_stage1] [train_stage1] label_keys from stats (fallback)
[2025-12-19 17:12:17][INFO][mcfp.train_stage1] [train_stage1] label_keys=['g_ws', 'g_red', 'g_margin', 'g_self', 'g_selfpass', 'g_lim', 'g_rot', 'g_man', 'g_iso', 'g_sigma']
[2025-12-19 17:15:42][INFO][mcfp.train_stage1] [train_stage1] config=D:\code\mcfp\configs\train_stage1.yaml
[2025-12-19 17:15:42][INFO][mcfp.train_stage1] [train_stage1] run_dir=D:\code\mcfp\runs\stage1\exp001
[2025-12-19 17:15:42][INFO][mcfp.train_stage1] [train_stage1] device=cpu, seed=42
[2025-12-19 17:15:42][INFO][mcfp.train_stage1] [train_stage1] #train_morph=164 #val_morph=20
[2025-12-19 17:15:42][INFO][mcfp.train_stage1] [train_stage1] label_keys from stats (fallback)
[2025-12-19 17:15:42][INFO][mcfp.train_stage1] [train_stage1] label_keys=['g_ws', 'g_red', 'g_margin', 'g_self', 'g_selfpass', 'g_lim', 'g_rot', 'g_man', 'g_iso', 'g_sigma']
[2025-12-19 17:25:17][INFO][mcfp.train_stage1] [train_stage1] config=D:\code\mcfp\configs\train_stage1.yaml
[2025-12-19 17:25:17][INFO][mcfp.train_stage1] [train_stage1] run_dir=D:\code\mcfp\runs\stage1\exp001
[2025-12-19 17:25:17][INFO][mcfp.train_stage1] [train_stage1] device=cpu, seed=42
[2025-12-19 17:25:17][INFO][mcfp.train_stage1] [train_stage1] #train_morph=164 #val_morph=20
[2025-12-19 17:25:17][INFO][mcfp.train_stage1] [train_stage1] label_keys from stats (fallback)
[2025-12-19 17:25:17][INFO][mcfp.train_stage1] [train_stage1] label_keys=['g_ws', 'g_red', 'g_margin', 'g_self', 'g_selfpass', 'g_lim', 'g_rot', 'g_man', 'g_iso', 'g_sigma']
[2025-12-19 17:40:59][INFO][mcfp.train_stage1] [train_stage1] config=D:\code\mcfp\configs\train_stage1.yaml
[2025-12-19 17:40:59][INFO][mcfp.train_stage1] [train_stage1] run_dir=D:\code\mcfp\runs\stage1\exp001
[2025-12-19 17:40:59][INFO][mcfp.train_stage1] [train_stage1] device=cpu, seed=42
[2025-12-19 17:40:59][INFO][mcfp.train_stage1] [train_stage1] #train_morph=164 #val_morph=20
[2025-12-19 17:40:59][INFO][mcfp.train_stage1] [train_stage1] label_keys from stats (fallback)
[2025-12-19 17:40:59][INFO][mcfp.train_stage1] [train_stage1] label_keys=['g_ws', 'g_red', 'g_margin', 'g_self', 'g_selfpass', 'g_lim', 'g_rot', 'g_man', 'g_iso', 'g_sigma']
